Adapter Mode Activated!
Error Detected: Bank Not Available - retrying in 1 sec.
Error Detected: Bank Not Available - retrying in 2 sec.
Patient: Alexander Nguyen
   - Response: Approved.
Error Detected: Bank Not Available - retrying in 1 sec.
Error Detected: Bank Not Available - retrying in 2 sec.
Patient: Olivia Smith
   - Response: Approved.
Error Detected: Bank Not Available - retrying in 1 sec.
Patient: Liam Anderson
   - Response: Approved.
Error Detected: Bank Not Available - retrying in 1 sec.
Error Detected: Bank Not Available - retrying in 2 sec.
Error Detected: Bank Not Available - retrying in 4 sec.
Patient: Sophia Lee
   - Response: Bank Not Available
Error Detected: Bank Not Available - retrying in 1 sec.
Error Detected: Bank Not Available - retrying in 2 sec.
Patient: Hannah Davis
   - Response: Approved.
Error Detected: Bank Not Available - retrying in 1 sec.
Error Detected: Bank Not Available - retrying in 2 sec.
Error Detected: Bank Not Available - retrying in 4 sec.
Patient: Noah Taylor
   - Response: Bank Not Available
Error Detected: Bank Not Available - retrying in 1 sec.
Error Detected: Bank Not Available - retrying in 2 sec.
Error Detected: Bank Not Available - retrying in 4 sec.
Patient: Emily Moore
   - Response: Bank Not Available
Error Detected: Bank Not Available - retrying in 1 sec.
Patient: Sarah Johnson
   - Response: Approved.
Error Detected: Bank Not Available - retrying in 1 sec.
Error Detected: Bank Not Available - retrying in 2 sec.
Error Detected: Bank Not Available - retrying in 4 sec.
Patient: James Wilson
   - Response: Bank Not Available
Error Detected: Bank Not Available - retrying in 1 sec.
Error Detected: Bank Not Available - retrying in 2 sec.
Error Detected: Bank Not Available - retrying in 4 sec.
Patient: Christopher Garcia
   - Response: Approved.
Error Detected: Bank Not Available - retrying in 1 sec.
Error Detected: Bank Not Available - retrying in 2 sec.
Error Detected: Bank Not Available - retrying in 4 sec.
Patient: Michelle Turner
   - Response: Bank Not Available
Error Detected: Bank Not Available - retrying in 1 sec.
Error Detected: Bank Not Available - retrying in 2 sec.
Error Detected: Bank Not Available - retrying in 4 sec.
Patient: Kevin Adams
   - Response: Bank Not Available
Error Detected: Bank Not Available - retrying in 1 sec.
Error Detected: Bank Not Available - retrying in 2 sec.
Error Detected: Bank Not Available - retrying in 4 sec.
Patient: Ashley Moore
   - Response: Bank Not Available
Error Detected: Bank Not Available - retrying in 1 sec.
Error Detected: Bank Not Available - retrying in 2 sec.
Error Detected: Bank Not Available - retrying in 4 sec.
Patient: Justin Wright
   - Response: Bank Not Available
Error Detected: Bank Not Available - retrying in 1 sec.
Error Detected: Bank Not Available - retrying in 2 sec.
Error Detected: Bank Not Available - retrying in 4 sec.
Patient: Megan Stewart
   - Response: Bank Not Available
Error Detected: Bank Not Available - retrying in 1 sec.
Error Detected: Bank Not Available - retrying in 2 sec.
Patient: Michelle Walker
   - Response: Approved.
Error Detected: Bank Not Available - retrying in 1 sec.
Error Detected: Bank Not Available - retrying in 2 sec.
Error Detected: Bank Not Available - retrying in 4 sec.
Patient: Michael Peterson
   - Response: Approved.
Error Detected: Bank Not Available - retrying in 1 sec.
Error Detected: Bank Not Available - retrying in 2 sec.
Error Detected: Bank Not Available - retrying in 4 sec.
Patient: Emily Brown
   - Response: Bank Not Available
Error Detected: Bank Not Available - retrying in 1 sec.
Error Detected: Bank Not Available - retrying in 2 sec.
Error Detected: Bank Not Available - retrying in 4 sec.
Patient: Ryan Taylor
   - Response: Bank Not Available
Patient: Joshua Perez
   - Response: Approved.
Error Detected: Bank Not Available - retrying in 1 sec.
Error Detected: Bank Not Available - retrying in 2 sec.
Error Detected: Bank Not Available - retrying in 4 sec.
Patient: Jessica Flores
   - Response: Bank Not Available
Error Detected: Bank Not Available - retrying in 1 sec.
Error Detected: Bank Not Available - retrying in 2 sec.
Error Detected: Bank Not Available - retrying in 4 sec.
Patient: Brandon Scott
   - Response: Bank Not Available
Error Detected: Bank Not Available - retrying in 1 sec.
Error Detected: Bank Not Available - retrying in 2 sec.
Error Detected: Bank Not Available - retrying in 4 sec.
Patient: Alyssa Clark
   - Response: Bank Not Available
Error Detected: Bank Not Available - retrying in 1 sec.
Error Detected: Bank Not Available - retrying in 2 sec.
Error Detected: Bank Not Available - retrying in 4 sec.
Patient: Jonathan Evans
   - Response: Bank Not Available
Error Detected: Bank Not Available - retrying in 1 sec.
Error Detected: Bank Not Available - retrying in 2 sec.
Error Detected: Bank Not Available - retrying in 4 sec.
Patient: Emily Powell
   - Response: Bank Not Available
Error Detected: Bank Not Available - retrying in 1 sec.
Error Detected: Bank Not Available - retrying in 2 sec.
Error Detected: Bank Not Available - retrying in 4 sec.
Patient: Stephanie Turner
   - Response: Bank Not Available
Patient: Brandon Ward
   - Response: Approved.
Patient: David Martinez
   - Response: Approved.
Error Detected: Bank Not Available - retrying in 1 sec.
Error Detected: Bank Not Available - retrying in 2 sec.
Error Detected: Bank Not Available - retrying in 4 sec.
Patient: Samantha Martinez
   - Response: Bank Not Available
Error Detected: Bank Not Available - retrying in 1 sec.
Error Detected: Bank Not Available - retrying in 2 sec.
Error Detected: Bank Not Available - retrying in 4 sec.
Patient: David Thompson
   - Response: Bank Not Available
Error Detected: Bank Not Available - retrying in 1 sec.
Error Detected: Bank Not Available - retrying in 2 sec.
Error Detected: Bank Not Available - retrying in 4 sec.
Patient: Elizabeth Taylor
   - Response: Bank Not Available
Error Detected: Bank Not Available - retrying in 1 sec.
Error Detected: Bank Not Available - retrying in 2 sec.
Error Detected: Bank Not Available - retrying in 4 sec.
Patient: Nathan Green
   - Response: Bank Not Available
Error Detected: Bank Not Available - retrying in 1 sec.
Error Detected: Bank Not Available - retrying in 2 sec.
Error Detected: Bank Not Available - retrying in 4 sec.
Patient: Rebecca Torres
   - Response: Bank Not Available
Error Detected: Bank Not Available - retrying in 1 sec.
Error Detected: Bank Not Available - retrying in 2 sec.
Error Detected: Bank Not Available - retrying in 4 sec.
Patient: Nicole Long
   - Response: Bank Not Available
Patient: Christopher Reed
   - Response: Approved.
Error Detected: Bank Not Available - retrying in 1 sec.
Error Detected: Bank Not Available - retrying in 2 sec.
Error Detected: Bank Not Available - retrying in 4 sec.
Patient: Jennifer Torres
   - Response: Bank Not Available
Error Detected: Bank Not Available - retrying in 1 sec.
Error Detected: Bank Not Available - retrying in 2 sec.
Error Detected: Bank Not Available - retrying in 4 sec.
Patient: Sophia Patel
   - Response: Approved.
Error Detected: Bank Not Available - retrying in 1 sec.
Error Detected: Bank Not Available - retrying in 2 sec.
Error Detected: Bank Not Available - retrying in 4 sec.
Patient: Nathan Brown
   - Response: Bank Not Available
Error Detected: Bank Not Available - retrying in 1 sec.
Error Detected: Bank Not Available - retrying in 2 sec.
Error Detected: Bank Not Available - retrying in 4 sec.
Patient: Abigail Jones
   - Response: Bank Not Available
Patient: Avery Martinez
   - Response: Approved.
Patient: Ethan Brown
   - Response: Approved.
Error Detected: Bank Not Available - retrying in 1 sec.
Error Detected: Bank Not Available - retrying in 2 sec.
Error Detected: Bank Not Available - retrying in 4 sec.
Patient: Chloe Thomas
   - Response: Bank Not Available
Error Detected: Bank Not Available - retrying in 1 sec.
Error Detected: Bank Not Available - retrying in 2 sec.
Error Detected: Bank Not Available - retrying in 4 sec.
Patient: Lucas Martin
   - Response: Bank Not Available
Error Detected: Bank Not Available - retrying in 1 sec.
Patient: Michael Williams
   - Response: Approved.
Error Detected: Bank Not Available - retrying in 1 sec.
Patient: Michelle Lee
   - Response: Approved.
Patient: Amanda Hernandez
   - Response: Approved.
Error Detected: Bank Not Available - retrying in 1 sec.
Error Detected: Bank Not Available - retrying in 2 sec.
Error Detected: Bank Not Available - retrying in 4 sec.
Patient: Brian Diaz
   - Response: Bank Not Available
Error Detected: Bank Not Available - retrying in 1 sec.
Error Detected: Bank Not Available - retrying in 2 sec.
Error Detected: Bank Not Available - retrying in 4 sec.
Patient: Danielle Wilson
   - Response: Bank Not Available
Error Detected: Bank Not Available - retrying in 1 sec.
Error Detected: Bank Not Available - retrying in 2 sec.
Error Detected: Bank Not Available - retrying in 4 sec.
Patient: Christopher Hill
   - Response: Bank Not Available
Error Detected: Bank Not Available - retrying in 1 sec.
Patient: Amanda Ramirez
   - Response: Approved.
Error Detected: Bank Not Available - retrying in 1 sec.
Error Detected: Bank Not Available - retrying in 2 sec.
Error Detected: Bank Not Available - retrying in 4 sec.
Patient: Scott Thompson
   - Response: Approved.
Error Detected: Bank Not Available - retrying in 1 sec.
Error Detected: Bank Not Available - retrying in 2 sec.
Error Detected: Bank Not Available - retrying in 4 sec.
Patient: James Morris
   - Response: Approved.
Error Detected: Bank Not Available - retrying in 1 sec.
Patient: Amanda Carter
   - Response: Approved.
Error Detected: Bank Not Available - retrying in 1 sec.
Error Detected: Bank Not Available - retrying in 2 sec.
Error Detected: Bank Not Available - retrying in 4 sec.
Patient: Logan Johnson
   - Response: Bank Not Available
Error Detected: Bank Not Available - retrying in 1 sec.
Error Detected: Bank Not Available - retrying in 2 sec.
Error Detected: Bank Not Available - retrying in 4 sec.
Patient: Isabella Wilson
   - Response: Bank Not Available
Error Detected: Bank Not Available - retrying in 1 sec.
Error Detected: Bank Not Available - retrying in 2 sec.
Error Detected: Bank Not Available - retrying in 4 sec.
Patient: Mason Garcia
   - Response: Bank Not Available
Error Detected: Bank Not Available - retrying in 1 sec.
Error Detected: Bank Not Available - retrying in 2 sec.
Error Detected: Bank Not Available - retrying in 4 sec.
Patient: Michael Johnson
   - Response: Bank Not Available
Error Detected: Bank Not Available - retrying in 1 sec.
Error Detected: Bank Not Available - retrying in 2 sec.
Patient: Amelia Wilson
   - Response: Approved.
Error Detected: Bank Not Available - retrying in 1 sec.
Error Detected: Bank Not Available - retrying in 2 sec.
Error Detected: Bank Not Available - retrying in 4 sec.
Patient: William White
   - Response: Bank Not Available
Patient: John Smith
   - Response: Approved.
Patient: Lisa Anderson
   - Response: Approved.
Patient: Emily Rodriguez
   - Response: Approved.
Error Detected: Bank Not Available - retrying in 1 sec.
Error Detected: Bank Not Available - retrying in 2 sec.
Error Detected: Bank Not Available - retrying in 4 sec.
Patient: Andrew King
   - Response: Bank Not Available
Error Detected: Bank Not Available - retrying in 1 sec.
Error Detected: Bank Not Available - retrying in 2 sec.
Error Detected: Bank Not Available - retrying in 4 sec.
Patient: Stephanie Nguyen
   - Response: Bank Not Available
Error Detected: Bank Not Available - retrying in 1 sec.
Error Detected: Bank Not Available - retrying in 2 sec.
Error Detected: Bank Not Available - retrying in 4 sec.
Patient: Matthew Lewis
   - Response: Bank Not Available
Patient: Kimberly Baker
   - Response: Approved.
Patient: Travis Hernandez
   - Response: Approved.
Error Detected: Bank Not Available - retrying in 1 sec.
Error Detected: Bank Not Available - retrying in 2 sec.
Error Detected: Bank Not Available - retrying in 4 sec.
Patient: David Clark
   - Response: Bank Not Available
Error Detected: Bank Not Available - retrying in 1 sec.
Error Detected: Bank Not Available - retrying in 2 sec.
Error Detected: Bank Not Available - retrying in 4 sec.
Patient: Jessica Diaz
   - Response: Bank Not Available
